{"numTotalTestSuites":10,"numPassedTestSuites":10,"numFailedTestSuites":0,"numPendingTestSuites":0,"numTotalTests":22,"numPassedTests":22,"numFailedTests":0,"numPendingTests":0,"numTodoTests":0,"snapshot":{"added":0,"failure":false,"filesAdded":0,"filesRemoved":0,"filesRemovedList":[],"filesUnmatched":0,"filesUpdated":0,"matched":0,"total":0,"unchecked":0,"uncheckedKeysByFile":[],"unmatched":0,"updated":0,"didUpdate":false},"startTime":1721179498116,"success":true,"testResults":[{"assertionResults":[{"ancestorTitles":["usePreventScroll"],"fullName":"usePreventScroll sets html overflow to hidden when isActive is true","status":"passed","title":"sets html overflow to hidden when isActive is true","duration":14,"failureMessages":[],"meta":{}},{"ancestorTitles":["usePreventScroll"],"fullName":"usePreventScroll resets html overflow when isActive becomes false","status":"passed","title":"resets html overflow when isActive becomes false","duration":3,"failureMessages":[],"meta":{}},{"ancestorTitles":["usePreventScroll"],"fullName":"usePreventScroll resets html overflow on cleanup","status":"passed","title":"resets html overflow on cleanup","duration":1,"failureMessages":[],"meta":{}}],"startTime":1721179498756,"endTime":1721179498774,"status":"passed","message":"","name":"/home/martin/Documents/Dev/audiophile/src/hooks/useCloseOnRisize.test.ts"},{"assertionResults":[{"ancestorTitles":["useCloseOnResize"],"fullName":"useCloseOnResize adds event listeners on mount","status":"passed","title":"adds event listeners on mount","duration":12,"failureMessages":[],"meta":{}},{"ancestorTitles":["useCloseOnResize"],"fullName":"useCloseOnResize removes event listeners on unmount","status":"passed","title":"removes event listeners on unmount","duration":2,"failureMessages":[],"meta":{}},{"ancestorTitles":["useCloseOnResize"],"fullName":"useCloseOnResize calls setIsOpen(false) when resize event occurs","status":"passed","title":"calls setIsOpen(false) when resize event occurs","duration":2,"failureMessages":[],"meta":{}},{"ancestorTitles":["useCloseOnResize"],"fullName":"useCloseOnResize calls setIsOpen(false) when orientationchange event occurs","status":"passed","title":"calls setIsOpen(false) when orientationchange event occurs","duration":2,"failureMessages":[],"meta":{}}],"startTime":1721179498756,"endTime":1721179498774,"status":"passed","message":"","name":"/home/martin/Documents/Dev/audiophile/src/hooks/usePreventScroll.test.ts"},{"assertionResults":[{"ancestorTitles":["Header","Rendering"],"fullName":"Header Rendering renders without crashing","status":"passed","title":"renders without crashing","duration":52,"failureMessages":[],"meta":{}},{"ancestorTitles":["Header","Rendering"],"fullName":"Header Rendering logo is present and links to the home page","status":"passed","title":"logo is present and links to the home page","duration":18,"failureMessages":[],"meta":{}},{"ancestorTitles":["Header","Rendering"],"fullName":"Header Rendering cart icon is present and links to the cart page","status":"passed","title":"cart icon is present and links to the cart page","duration":9,"failureMessages":[],"meta":{}},{"ancestorTitles":["Header","Rendering"],"fullName":"Header Rendering hamburger menu icon is present","status":"passed","title":"hamburger menu icon is present","duration":9,"failureMessages":[],"meta":{}},{"ancestorTitles":["Header","Rendering"],"fullName":"Header Rendering navigation menu items are rendered correctly","status":"passed","title":"navigation menu items are rendered correctly","duration":16,"failureMessages":[],"meta":{}},{"ancestorTitles":["Header","Navigation Links"],"fullName":"Header Navigation Links navigation menu items are rendered with correct hrefs and labels","status":"passed","title":"navigation menu items are rendered with correct hrefs and labels","duration":20,"failureMessages":[],"meta":{}},{"ancestorTitles":["Header","Menu state managment"],"fullName":"Header Menu state managment menu is closed by default","status":"passed","title":"menu is closed by default","duration":5,"failureMessages":[],"meta":{}},{"ancestorTitles":["Header","Menu state managment"],"fullName":"Header Menu state managment opens menu when hamburger icon is clicked","status":"passed","title":"opens menu when hamburger icon is clicked","duration":11,"failureMessages":[],"meta":{}},{"ancestorTitles":["Header","Menu state managment"],"fullName":"Header Menu state managment closes menu when hamburger icon is clicked again","status":"passed","title":"closes menu when hamburger icon is clicked again","duration":7,"failureMessages":[],"meta":{}},{"ancestorTitles":["Header","Accessibility"],"fullName":"Header Accessibility logo has proper accessibility features","status":"passed","title":"logo has proper accessibility features","duration":7,"failureMessages":[],"meta":{}},{"ancestorTitles":["Header","Accessibility"],"fullName":"Header Accessibility logo has proper sr-only text for screen readers","status":"passed","title":"logo has proper sr-only text for screen readers","duration":9,"failureMessages":[],"meta":{}},{"ancestorTitles":["Header","Accessibility"],"fullName":"Header Accessibility cart icon has proper accessibility features","status":"passed","title":"cart icon has proper accessibility features","duration":6,"failureMessages":[],"meta":{}},{"ancestorTitles":["Header","Accessibility"],"fullName":"Header Accessibility cart icon has proper sr-only text for screen readers","status":"passed","title":"cart icon has proper sr-only text for screen readers","duration":6,"failureMessages":[],"meta":{}},{"ancestorTitles":["Header","Accessibility"],"fullName":"Header Accessibility hamburger menu has proper sr-only text for screen readers","status":"passed","title":"hamburger menu has proper sr-only text for screen readers","duration":5,"failureMessages":[],"meta":{}},{"ancestorTitles":["Header","Accessibility"],"fullName":"Header Accessibility hamburger menu has proper accessibility features","status":"passed","title":"hamburger menu has proper accessibility features","duration":5,"failureMessages":[],"meta":{}}],"startTime":1721179498780,"endTime":1721179498965,"status":"passed","message":"","name":"/home/martin/Documents/Dev/audiophile/src/components/header/header.test.tsx"}]}